<?xml version="1.0" encoding="UTF-8"?>
<!-- Generated by org.testng.reporters.JUnitReportReporter -->
<testsuite hostname="QZ-LT-199" failures="0" tests="200" name="executionClasses.FormTest" time="1947.724" errors="0" timestamp="2025-01-02T16:49:35 IST" skipped="0">
  <testcase classname="executionClasses.FormTest" name="test" time="9.827"/>
  <system-out/>
  <testcase classname="executionClasses.FormTest" name="test" time="9.443"/>
  <system-out/>
  <testcase classname="executionClasses.FormTest" name="test" time="9.840"/>
  <system-out/>
  <testcase classname="executionClasses.FormTest" name="test" time="10.412"/>
  <system-out/>
  <testcase classname="executionClasses.FormTest" name="test" time="9.162"/>
  <system-out/>
  <testcase classname="executionClasses.FormTest" name="test" time="9.257"/>
  <system-out/>
  <testcase classname="executionClasses.FormTest" name="test" time="10.353"/>
  <system-out/>
  <testcase classname="executionClasses.FormTest" name="test" time="10.672"/>
  <system-out/>
  <testcase classname="executionClasses.FormTest" name="test" time="10.127"/>
  <system-out/>
  <testcase classname="executionClasses.FormTest" name="test" time="13.337"/>
  <system-out/>
  <testcase classname="executionClasses.FormTest" name="test" time="8.511"/>
  <system-out/>
  <testcase classname="executionClasses.FormTest" name="test" time="9.667"/>
  <system-out/>
  <testcase classname="executionClasses.FormTest" name="test" time="8.816"/>
  <system-out/>
  <testcase classname="executionClasses.FormTest" name="test" time="10.029"/>
  <system-out/>
  <testcase classname="executionClasses.FormTest" name="test" time="9.410"/>
  <system-out/>
  <testcase classname="executionClasses.FormTest" name="test" time="9.461"/>
  <system-out/>
  <testcase classname="executionClasses.FormTest" name="test" time="8.812"/>
  <system-out/>
  <testcase classname="executionClasses.FormTest" name="test" time="8.841"/>
  <system-out/>
  <testcase classname="executionClasses.FormTest" name="test" time="9.601"/>
  <system-out/>
  <testcase classname="executionClasses.FormTest" name="test" time="9.665"/>
  <system-out/>
  <testcase classname="executionClasses.FormTest" name="test" time="10.584"/>
  <system-out/>
  <testcase classname="executionClasses.FormTest" name="test" time="9.442"/>
  <system-out/>
  <testcase classname="executionClasses.FormTest" name="test" time="9.475"/>
  <system-out/>
  <testcase classname="executionClasses.FormTest" name="test" time="9.794"/>
  <system-out/>
  <testcase classname="executionClasses.FormTest" name="test" time="10.119"/>
  <system-out/>
  <testcase classname="executionClasses.FormTest" name="test" time="9.312"/>
  <system-out/>
  <testcase classname="executionClasses.FormTest" name="test" time="9.177"/>
  <system-out/>
  <testcase classname="executionClasses.FormTest" name="test" time="9.071"/>
  <system-out/>
  <testcase classname="executionClasses.FormTest" name="test" time="9.561"/>
  <system-out/>
  <testcase classname="executionClasses.FormTest" name="test" time="9.273"/>
  <system-out/>
  <testcase classname="executionClasses.FormTest" name="test" time="8.888"/>
  <system-out/>
  <testcase classname="executionClasses.FormTest" name="test" time="9.520"/>
  <system-out/>
  <testcase classname="executionClasses.FormTest" name="test" time="13.175"/>
  <system-out/>
  <testcase classname="executionClasses.FormTest" name="test" time="8.861"/>
  <system-out/>
  <testcase classname="executionClasses.FormTest" name="test" time="10.063"/>
  <system-out/>
  <testcase classname="executionClasses.FormTest" name="test" time="9.495"/>
  <system-out/>
  <testcase classname="executionClasses.FormTest" name="test" time="9.837"/>
  <system-out/>
  <testcase classname="executionClasses.FormTest" name="test" time="9.509"/>
  <system-out/>
  <testcase classname="executionClasses.FormTest" name="test" time="10.391"/>
  <system-out/>
  <testcase classname="executionClasses.FormTest" name="test" time="8.713"/>
  <system-out/>
  <testcase classname="executionClasses.FormTest" name="test" time="9.164"/>
  <system-out/>
  <testcase classname="executionClasses.FormTest" name="test" time="13.118"/>
  <system-out/>
  <testcase classname="executionClasses.FormTest" name="test" time="9.109"/>
  <system-out/>
  <testcase classname="executionClasses.FormTest" name="test" time="9.776"/>
  <system-out/>
  <testcase classname="executionClasses.FormTest" name="test" time="5.743"/>
  <system-out/>
  <testcase classname="executionClasses.FormTest" name="test" time="10.055"/>
  <system-out/>
  <testcase classname="executionClasses.FormTest" name="test" time="13.281"/>
  <system-out/>
  <testcase classname="executionClasses.FormTest" name="test" time="10.013"/>
  <system-out/>
  <testcase classname="executionClasses.FormTest" name="test" time="9.814"/>
  <system-out/>
  <testcase classname="executionClasses.FormTest" name="test" time="9.383"/>
  <system-out/>
  <testcase classname="executionClasses.FormTest" name="test" time="6.090"/>
  <system-out/>
  <testcase classname="executionClasses.FormTest" name="test" time="9.811"/>
  <system-out/>
  <testcase classname="executionClasses.FormTest" name="test" time="10.369"/>
  <system-out/>
  <testcase classname="executionClasses.FormTest" name="test" time="10.447"/>
  <system-out/>
  <testcase classname="executionClasses.FormTest" name="test" time="10.398"/>
  <system-out/>
  <testcase classname="executionClasses.FormTest" name="test" time="9.469"/>
  <system-out/>
  <testcase classname="executionClasses.FormTest" name="test" time="10.031"/>
  <system-out/>
  <testcase classname="executionClasses.FormTest" name="test" time="9.143"/>
  <system-out/>
  <testcase classname="executionClasses.FormTest" name="test" time="9.756"/>
  <system-out/>
  <testcase classname="executionClasses.FormTest" name="test" time="10.200"/>
  <system-out/>
  <testcase classname="executionClasses.FormTest" name="test" time="10.155"/>
  <system-out/>
  <testcase classname="executionClasses.FormTest" name="test" time="8.993"/>
  <system-out/>
  <testcase classname="executionClasses.FormTest" name="test" time="10.590"/>
  <system-out/>
  <testcase classname="executionClasses.FormTest" name="test" time="9.879"/>
  <system-out/>
  <testcase classname="executionClasses.FormTest" name="test" time="9.104"/>
  <system-out/>
  <testcase classname="executionClasses.FormTest" name="test" time="9.928"/>
  <system-out/>
  <testcase classname="executionClasses.FormTest" name="test" time="9.931"/>
  <system-out/>
  <testcase classname="executionClasses.FormTest" name="test" time="9.615"/>
  <system-out/>
  <testcase classname="executionClasses.FormTest" name="test" time="9.310"/>
  <system-out/>
  <testcase classname="executionClasses.FormTest" name="test" time="9.607"/>
  <system-out/>
  <testcase classname="executionClasses.FormTest" name="test" time="9.512"/>
  <system-out/>
  <testcase classname="executionClasses.FormTest" name="test" time="8.897"/>
  <system-out/>
  <testcase classname="executionClasses.FormTest" name="test" time="9.918"/>
  <system-out/>
  <testcase classname="executionClasses.FormTest" name="test" time="9.567"/>
  <system-out/>
  <testcase classname="executionClasses.FormTest" name="test" time="8.692"/>
  <system-out/>
  <testcase classname="executionClasses.FormTest" name="test" time="9.086"/>
  <system-out/>
  <testcase classname="executionClasses.FormTest" name="test" time="9.381"/>
  <system-out/>
  <testcase classname="executionClasses.FormTest" name="test" time="10.048"/>
  <system-out/>
  <testcase classname="executionClasses.FormTest" name="test" time="10.354"/>
  <system-out/>
  <testcase classname="executionClasses.FormTest" name="test" time="6.262"/>
  <system-out/>
  <testcase classname="executionClasses.FormTest" name="test" time="9.768"/>
  <system-out/>
  <testcase classname="executionClasses.FormTest" name="test" time="9.585"/>
  <system-out/>
  <testcase classname="executionClasses.FormTest" name="test" time="8.962"/>
  <system-out/>
  <testcase classname="executionClasses.FormTest" name="test" time="10.087"/>
  <system-out/>
  <testcase classname="executionClasses.FormTest" name="test" time="6.562"/>
  <system-out/>
  <testcase classname="executionClasses.FormTest" name="test" time="9.182"/>
  <system-out/>
  <testcase classname="executionClasses.FormTest" name="test" time="9.539"/>
  <system-out/>
  <testcase classname="executionClasses.FormTest" name="test" time="9.071"/>
  <system-out/>
  <testcase classname="executionClasses.FormTest" name="test" time="10.065"/>
  <system-out/>
  <testcase classname="executionClasses.FormTest" name="test" time="8.708"/>
  <system-out/>
  <testcase classname="executionClasses.FormTest" name="test" time="10.576"/>
  <system-out/>
  <testcase classname="executionClasses.FormTest" name="test" time="9.693"/>
  <system-out/>
  <testcase classname="executionClasses.FormTest" name="test" time="9.390"/>
  <system-out/>
  <testcase classname="executionClasses.FormTest" name="test" time="9.327"/>
  <system-out/>
  <testcase classname="executionClasses.FormTest" name="test" time="9.081"/>
  <system-out/>
  <testcase classname="executionClasses.FormTest" name="test" time="10.312"/>
  <system-out/>
  <testcase classname="executionClasses.FormTest" name="test" time="9.398"/>
  <system-out/>
  <testcase classname="executionClasses.FormTest" name="test" time="8.991"/>
  <system-out/>
  <testcase classname="executionClasses.FormTest" name="test" time="9.173"/>
  <system-out/>
  <testcase classname="executionClasses.FormTest" name="test" time="8.997"/>
  <system-out/>
  <testcase classname="executionClasses.FormTest" name="test" time="8.708"/>
  <system-out/>
  <testcase classname="executionClasses.FormTest" name="test" time="9.530"/>
  <system-out/>
  <testcase classname="executionClasses.FormTest" name="test" time="8.798"/>
  <system-out/>
  <testcase classname="executionClasses.FormTest" name="test" time="11.386"/>
  <system-out/>
  <testcase classname="executionClasses.FormTest" name="test" time="11.447"/>
  <system-out/>
  <testcase classname="executionClasses.FormTest" name="test" time="9.022"/>
  <system-out/>
  <testcase classname="executionClasses.FormTest" name="test" time="9.481"/>
  <system-out/>
  <testcase classname="executionClasses.FormTest" name="test" time="11.159"/>
  <system-out/>
  <testcase classname="executionClasses.FormTest" name="test" time="9.365"/>
  <system-out/>
  <testcase classname="executionClasses.FormTest" name="test" time="9.455"/>
  <system-out/>
  <testcase classname="executionClasses.FormTest" name="test" time="9.397"/>
  <system-out/>
  <testcase classname="executionClasses.FormTest" name="test" time="8.933"/>
  <system-out/>
  <testcase classname="executionClasses.FormTest" name="test" time="10.031"/>
  <system-out/>
  <testcase classname="executionClasses.FormTest" name="test" time="9.928"/>
  <system-out/>
  <testcase classname="executionClasses.FormTest" name="test" time="9.440"/>
  <system-out/>
  <testcase classname="executionClasses.FormTest" name="test" time="10.663"/>
  <system-out/>
  <testcase classname="executionClasses.FormTest" name="test" time="9.115"/>
  <system-out/>
  <testcase classname="executionClasses.FormTest" name="test" time="9.849"/>
  <system-out/>
  <testcase classname="executionClasses.FormTest" name="test" time="10.549"/>
  <system-out/>
  <testcase classname="executionClasses.FormTest" name="test" time="8.921"/>
  <system-out/>
  <testcase classname="executionClasses.FormTest" name="test" time="10.186"/>
  <system-out/>
  <testcase classname="executionClasses.FormTest" name="test" time="9.489"/>
  <system-out/>
  <testcase classname="executionClasses.FormTest" name="test" time="9.148"/>
  <system-out/>
  <testcase classname="executionClasses.FormTest" name="test" time="10.470"/>
  <system-out/>
  <testcase classname="executionClasses.FormTest" name="test" time="8.912"/>
  <system-out/>
  <testcase classname="executionClasses.FormTest" name="test" time="8.941"/>
  <system-out/>
  <testcase classname="executionClasses.FormTest" name="test" time="9.811"/>
  <system-out/>
  <testcase classname="executionClasses.FormTest" name="test" time="10.238"/>
  <system-out/>
  <testcase classname="executionClasses.FormTest" name="test" time="9.670"/>
  <system-out/>
  <testcase classname="executionClasses.FormTest" name="test" time="9.774"/>
  <system-out/>
  <testcase classname="executionClasses.FormTest" name="test" time="10.179"/>
  <system-out/>
  <testcase classname="executionClasses.FormTest" name="test" time="9.704"/>
  <system-out/>
  <testcase classname="executionClasses.FormTest" name="test" time="6.453"/>
  <system-out/>
  <testcase classname="executionClasses.FormTest" name="test" time="10.467"/>
  <system-out/>
  <testcase classname="executionClasses.FormTest" name="test" time="8.779"/>
  <system-out/>
  <testcase classname="executionClasses.FormTest" name="test" time="10.052"/>
  <system-out/>
  <testcase classname="executionClasses.FormTest" name="test" time="9.062"/>
  <system-out/>
  <testcase classname="executionClasses.FormTest" name="test" time="10.248"/>
  <system-out/>
  <testcase classname="executionClasses.FormTest" name="test" time="10.971"/>
  <system-out/>
  <testcase classname="executionClasses.FormTest" name="test" time="8.951"/>
  <system-out/>
  <testcase classname="executionClasses.FormTest" name="test" time="8.726"/>
  <system-out/>
  <testcase classname="executionClasses.FormTest" name="test" time="9.764"/>
  <system-out/>
  <testcase classname="executionClasses.FormTest" name="test" time="13.341"/>
  <system-out/>
  <testcase classname="executionClasses.FormTest" name="test" time="9.106"/>
  <system-out/>
  <testcase classname="executionClasses.FormTest" name="test" time="8.961"/>
  <system-out/>
  <testcase classname="executionClasses.FormTest" name="test" time="9.322"/>
  <system-out/>
  <testcase classname="executionClasses.FormTest" name="test" time="10.014"/>
  <system-out/>
  <testcase classname="executionClasses.FormTest" name="test" time="9.692"/>
  <system-out/>
  <testcase classname="executionClasses.FormTest" name="test" time="9.694"/>
  <system-out/>
  <testcase classname="executionClasses.FormTest" name="test" time="10.093"/>
  <system-out/>
  <testcase classname="executionClasses.FormTest" name="test" time="9.656"/>
  <system-out/>
  <testcase classname="executionClasses.FormTest" name="test" time="9.241"/>
  <system-out/>
  <testcase classname="executionClasses.FormTest" name="test" time="9.535"/>
  <system-out/>
  <testcase classname="executionClasses.FormTest" name="test" time="10.510"/>
  <system-out/>
  <testcase classname="executionClasses.FormTest" name="test" time="10.755"/>
  <system-out/>
  <testcase classname="executionClasses.FormTest" name="test" time="11.496"/>
  <system-out/>
  <testcase classname="executionClasses.FormTest" name="test" time="10.104"/>
  <system-out/>
  <testcase classname="executionClasses.FormTest" name="test" time="11.656"/>
  <system-out/>
  <testcase classname="executionClasses.FormTest" name="test" time="9.759"/>
  <system-out/>
  <testcase classname="executionClasses.FormTest" name="test" time="9.971"/>
  <system-out/>
  <testcase classname="executionClasses.FormTest" name="test" time="9.455"/>
  <system-out/>
  <testcase classname="executionClasses.FormTest" name="test" time="8.629"/>
  <system-out/>
  <testcase classname="executionClasses.FormTest" name="test" time="9.285"/>
  <system-out/>
  <testcase classname="executionClasses.FormTest" name="test" time="8.954"/>
  <system-out/>
  <testcase classname="executionClasses.FormTest" name="test" time="9.068"/>
  <system-out/>
  <testcase classname="executionClasses.FormTest" name="test" time="9.988"/>
  <system-out/>
  <testcase classname="executionClasses.FormTest" name="test" time="9.334"/>
  <system-out/>
  <testcase classname="executionClasses.FormTest" name="test" time="14.005"/>
  <system-out/>
  <testcase classname="executionClasses.FormTest" name="test" time="8.713"/>
  <system-out/>
  <testcase classname="executionClasses.FormTest" name="test" time="10.157"/>
  <system-out/>
  <testcase classname="executionClasses.FormTest" name="test" time="9.847"/>
  <system-out/>
  <testcase classname="executionClasses.FormTest" name="test" time="8.959"/>
  <system-out/>
  <testcase classname="executionClasses.FormTest" name="test" time="8.516"/>
  <system-out/>
  <testcase classname="executionClasses.FormTest" name="test" time="9.589"/>
  <system-out/>
  <testcase classname="executionClasses.FormTest" name="test" time="9.564"/>
  <system-out/>
  <testcase classname="executionClasses.FormTest" name="test" time="10.525"/>
  <system-out/>
  <testcase classname="executionClasses.FormTest" name="test" time="9.113"/>
  <system-out/>
  <testcase classname="executionClasses.FormTest" name="test" time="9.389"/>
  <system-out/>
  <testcase classname="executionClasses.FormTest" name="test" time="9.586"/>
  <system-out/>
  <testcase classname="executionClasses.FormTest" name="test" time="10.569"/>
  <system-out/>
  <testcase classname="executionClasses.FormTest" name="test" time="10.586"/>
  <system-out/>
  <testcase classname="executionClasses.FormTest" name="test" time="9.802"/>
  <system-out/>
  <testcase classname="executionClasses.FormTest" name="test" time="9.658"/>
  <system-out/>
  <testcase classname="executionClasses.FormTest" name="test" time="10.989"/>
  <system-out/>
  <testcase classname="executionClasses.FormTest" name="test" time="12.649"/>
  <system-out/>
  <testcase classname="executionClasses.FormTest" name="test" time="9.657"/>
  <system-out/>
  <testcase classname="executionClasses.FormTest" name="test" time="10.672"/>
  <system-out/>
  <testcase classname="executionClasses.FormTest" name="test" time="9.085"/>
  <system-out/>
  <testcase classname="executionClasses.FormTest" name="test" time="13.107"/>
  <system-out/>
  <testcase classname="executionClasses.FormTest" name="test" time="11.230"/>
  <system-out/>
  <testcase classname="executionClasses.FormTest" name="test" time="11.020"/>
  <system-out/>
  <testcase classname="executionClasses.FormTest" name="test" time="9.120"/>
  <system-out/>
  <testcase classname="executionClasses.FormTest" name="test" time="12.297"/>
  <system-out/>
  <testcase classname="executionClasses.FormTest" name="test" time="9.867"/>
  <system-out/>
  <testcase classname="executionClasses.FormTest" name="test" time="9.868"/>
  <system-out/>
  <testcase classname="executionClasses.FormTest" name="test" time="9.896"/>
  <system-out/>
  <testcase classname="executionClasses.FormTest" name="test" time="8.929"/>
  <system-out/>
  <testcase classname="executionClasses.FormTest" name="test" time="8.774"/>
  <system-out/>
  <testcase classname="executionClasses.FormTest" name="test" time="8.927"/>
  <system-out/>
  <testcase classname="executionClasses.FormTest" name="test" time="10.299"/>
  <system-out/>
</testsuite> <!-- executionClasses.FormTest -->
