<?xml version="1.0" encoding="UTF-8"?>
<!-- Generated by org.testng.reporters.JUnitReportReporter -->
<testsuite hostname="QZ-LT-199" failures="0" tests="2" name="CucumberTestRunner.TestRunner" time="7.678" errors="0" timestamp="2025-02-05T15:41:04 IST" skipped="0">
  <testcase classname="CucumberTestRunner.TestRunner" name="runScenario" time="5.456"/>
  <testcase classname="CucumberTestRunner.TestRunner" name="runScenario" time="2.222"/>
</testsuite> <!-- CucumberTestRunner.TestRunner -->
